[    0.000000] Linux version 4.15.0-140-generic (buildd@lgw01-amd64-054) (gcc version 7.5.0 (Ubuntu 7.5.0-3ubuntu1~18.04)) #144-Ubuntu SMP Fri Mar 19 14:12:35 UTC 2021 (Ubuntu 4.15.0-140.144-generic 4.15.18)
[    0.000000] Command line: BOOT_IMAGE=/boot/vmlinuz-4.15.0-140-generic root=LABEL=cloudimg-rootfs ro console=tty1 console=ttyS0
[    0.000000] KERNEL supported cpus:
[    0.000000]   Intel GenuineIntel
[    0.000000]   AMD AuthenticAMD
[    0.000000]   Centaur CentaurHauls
[    0.000000] x86/fpu: Supporting XSAVE feature 0x001: 'x87 floating point registers'
[    0.000000] x86/fpu: Supporting XSAVE feature 0x002: 'SSE registers'
[    0.000000] x86/fpu: Supporting XSAVE feature 0x004: 'AVX registers'
[    0.000000] x86/fpu: xstate_offset[2]:  576, xstate_sizes[2]:  256
[    0.000000] x86/fpu: Enabled xstate features 0x7, context size is 832 bytes, using 'standard' format.
[    0.000000] e820: BIOS-provided physical RAM map:
[    0.000000] BIOS-e820: [mem 0x0000000000000000-0x000000000009fbff] usable
[    0.000000] BIOS-e820: [mem 0x000000000009fc00-0x000000000009ffff] reserved
[    0.000000] BIOS-e820: [mem 0x00000000000f0000-0x00000000000fffff] reserved
[    0.000000] BIOS-e820: [mem 0x0000000000100000-0x000000003ffeffff] usable
[    0.000000] BIOS-e820: [mem 0x000000003fff0000-0x000000003fffffff] ACPI data
[    0.000000] BIOS-e820: [mem 0x00000000fec00000-0x00000000fec00fff] reserved
[    0.000000] BIOS-e820: [mem 0x00000000fee00000-0x00000000fee00fff] reserved
[    0.000000] BIOS-e820: [mem 0x00000000fffc0000-0x00000000ffffffff] reserved
[    0.000000] NX (Execute Disable) protection: active
[    0.000000] SMBIOS 2.5 present.
[    0.000000] DMI: innotek GmbH VirtualBox/VirtualBox, BIOS VirtualBox 12/01/2006
[    0.000000] Hypervisor detected: KVM
[    0.000000] e820: last_pfn = 0x3fff0 max_arch_pfn = 0x400000000
[    0.000000] MTRR: Disabled
[    0.000000] x86/PAT: MTRRs disabled, skipping PAT initialization too.
[    0.000000] CPU MTRRs all blank - virtualized system.
[    0.000000] x86/PAT: Configuration [0-7]: WB  WT  UC- UC  WB  WT  UC- UC  
[    0.000000] found SMP MP-table at [mem 0x0009fff0-0x0009ffff]
[    0.000000] Scanning 1 areas for low memory corruption
[    0.000000] RAMDISK: [mem 0x35a61000-0x36d27fff]
[    0.000000] ACPI: Early table checksum verification disabled
[    0.000000] ACPI: RSDP 0x00000000000E0000 000024 (v02 VBOX  )
[    0.000000] ACPI: XSDT 0x000000003FFF0030 00003C (v01 VBOX   VBOXXSDT 00000001 ASL  00000061)
[    0.000000] ACPI: FACP 0x000000003FFF00F0 0000F4 (v04 VBOX   VBOXFACP 00000001 ASL  00000061)
[    0.000000] ACPI: DSDT 0x000000003FFF0470 002325 (v02 VBOX   VBOXBIOS 00000002 INTL 20190509)
[    0.000000] ACPI: FACS 0x000000003FFF0200 000040
[    0.000000] ACPI: FACS 0x000000003FFF0200 000040
[    0.000000] ACPI: APIC 0x000000003FFF0240 00005C (v02 VBOX   VBOXAPIC 00000001 ASL  00000061)
[    0.000000] ACPI: SSDT 0x000000003FFF02A0 0001CC (v01 VBOX   VBOXCPUT 00000002 INTL 20190509)
[    0.000000] No NUMA configuration found
[    0.000000] Faking a node at [mem 0x0000000000000000-0x000000003ffeffff]
[    0.000000] NODE_DATA(0) allocated [mem 0x3ffc5000-0x3ffeffff]
[    0.000000] kvm-clock: cpu 0, msr 0:3ff44001, primary cpu clock
[    0.000000] kvm-clock: Using msrs 4b564d01 and 4b564d00
[    0.000000] kvm-clock: using sched offset of 3071629894 cycles
[    0.000000] clocksource: kvm-clock: mask: 0xffffffffffffffff max_cycles: 0x1cd42e4dffb, max_idle_ns: 881590591483 ns
[    0.000000] Zone ranges:
[    0.000000]   DMA      [mem 0x0000000000001000-0x0000000000ffffff]
[    0.000000]   DMA32    [mem 0x0000000001000000-0x000000003ffeffff]
[    0.000000]   Normal   empty
[    0.000000]   Device   empty
[    0.000000] Movable zone start for each node
[    0.000000] Early memory node ranges
[    0.000000]   node   0: [mem 0x0000000000001000-0x000000000009efff]
[    0.000000]   node   0: [mem 0x0000000000100000-0x000000003ffeffff]
[    0.000000] Reserved but unavailable: 98 pages
[    0.000000] Initmem setup node 0 [mem 0x0000000000001000-0x000000003ffeffff]
[    0.000000] ACPI: PM-Timer IO Port: 0x4008
[    0.000000] IOAPIC[0]: apic_id 2, version 32, address 0xfec00000, GSI 0-23
[    0.000000] ACPI: INT_SRC_OVR (bus 0 bus_irq 0 global_irq 2 dfl dfl)
[    0.000000] ACPI: INT_SRC_OVR (bus 0 bus_irq 9 global_irq 9 low level)
[    0.000000] Using ACPI (MADT) for SMP configuration information
[    0.000000] smpboot: Allowing 2 CPUs, 0 hotplug CPUs
[    0.000000] PM: Registered nosave memory: [mem 0x00000000-0x00000fff]
[    0.000000] PM: Registered nosave memory: [mem 0x0009f000-0x0009ffff]
[    0.000000] PM: Registered nosave memory: [mem 0x000a0000-0x000effff]
[    0.000000] PM: Registered nosave memory: [mem 0x000f0000-0x000fffff]
[    0.000000] e820: [mem 0x40000000-0xfebfffff] available for PCI devices
[    0.000000] Booting paravirtualized kernel on KVM
[    0.000000] clocksource: refined-jiffies: mask: 0xffffffff max_cycles: 0xffffffff, max_idle_ns: 7645519600211568 ns
[    0.000000] random: get_random_bytes called from start_kernel+0x99/0x500 with crng_init=0
[    0.000000] setup_percpu: NR_CPUS:8192 nr_cpumask_bits:2 nr_cpu_ids:2 nr_node_ids:1
[    0.000000] percpu: Embedded 45 pages/cpu s147456 r8192 d28672 u1048576
[    0.000000] PV qspinlock hash table entries: 256 (order: 0, 4096 bytes)
[    0.000000] Built 1 zonelists, mobility grouping on.  Total pages: 257913
[    0.000000] Policy zone: DMA32
[    0.000000] Kernel command line: BOOT_IMAGE=/boot/vmlinuz-4.15.0-140-generic root=LABEL=cloudimg-rootfs ro console=tty1 console=ttyS0
[    0.000000] Memory: 983016K/1048120K available (12300K kernel code, 2483K rwdata, 4276K rodata, 2440K init, 2724K bss, 65104K reserved, 0K cma-reserved)
[    0.000000] SLUB: HWalign=64, Order=0-3, MinObjects=0, CPUs=2, Nodes=1
[    0.000000] Kernel/User page tables isolation: enabled
[    0.000000] ftrace: allocating 39429 entries in 155 pages
[    0.004000] Hierarchical RCU implementation.
[    0.004000] 	RCU restricting CPUs from NR_CPUS=8192 to nr_cpu_ids=2.
[    0.004000] 	Tasks RCU enabled.
[    0.004000] RCU: Adjusting geometry for rcu_fanout_leaf=16, nr_cpu_ids=2
[    0.004000] NR_IRQS: 524544, nr_irqs: 440, preallocated irqs: 16
[    0.004000] Console: colour VGA+ 80x25
[    0.004000] console [tty1] enabled
[    0.004000] console [ttyS0] enabled
[    0.004000] ACPI: Core revision 20170831
[    0.004000] ACPI: 2 ACPI AML tables successfully acquired and loaded
[    0.004000] APIC: Switch to symmetric I/O mode setup
[    0.004000] x2apic enabled
[    0.004000] Switched APIC routing to physical x2apic.
[    0.004000] ..TIMER: vector=0x30 apic1=0 pin1=2 apic2=-1 pin2=-1
[    0.004000] tsc: Detected 2803.198 MHz processor
[    0.004000] Calibrating delay loop (skipped) preset value.. 5606.39 BogoMIPS (lpj=11212792)
[    0.004000] pid_max: default: 32768 minimum: 301
[    0.004021] Security Framework initialized
[    0.004364] Yama: becoming mindful.
[    0.004668] AppArmor: AppArmor initialized
[    0.005692] Dentry cache hash table entries: 131072 (order: 8, 1048576 bytes)
[    0.006291] Inode-cache hash table entries: 65536 (order: 7, 524288 bytes)
[    0.006819] Mount-cache hash table entries: 2048 (order: 2, 16384 bytes)
[    0.007371] Mountpoint-cache hash table entries: 2048 (order: 2, 16384 bytes)
[    0.008175] Last level iTLB entries: 4KB 0, 2MB 0, 4MB 0
[    0.008592] Last level dTLB entries: 4KB 0, 2MB 0, 4MB 0, 1GB 0
[    0.009048] Spectre V1 : Mitigation: usercopy/swapgs barriers and __user pointer sanitization
[    0.009705] Spectre V2 : Mitigation: Full generic retpoline
[    0.010137] Spectre V2 : Spectre v2 / SpectreRSB mitigation: Filling RSB on context switch
[    0.010818] Speculative Store Bypass: Vulnerable
[    0.011279] MDS: Mitigation: Clear CPU buffers
[    0.011850] Freeing SMP alternatives memory: 36K
[    0.122271] smpboot: CPU0: 11th Gen Intel(R) Core(TM) i7-1165G7 @ 2.80GHz (family: 0x6, model: 0x8c, stepping: 0x1)
[    0.123773] Performance Events: unsupported p6 CPU model 140 no PMU driver, software events only.
[    0.124000] Hierarchical SRCU implementation.
[    0.124000] NMI watchdog: Perf event create on CPU 0 failed with -2
[    0.124002] NMI watchdog: Perf NMI watchdog permanently disabled
[    0.124613] smp: Bringing up secondary CPUs ...
[    0.125104] x86: Booting SMP configuration:
[    0.125503] .... node  #0, CPUs:      #1
[    0.004000] kvm-clock: cpu 1, msr 0:3ff44041, secondary cpu clock
[    0.128021] smp: Brought up 1 node, 2 CPUs
[    0.128435] smpboot: Max logical packages: 1
[    0.128879] smpboot: Total of 2 processors activated (11212.79 BogoMIPS)
[    0.129679] devtmpfs: initialized
[    0.129679] x86/mm: Memory block size: 128MB
[    0.132116] evm: security.selinux
[    0.132465] evm: security.SMACK64
[    0.132785] evm: security.SMACK64EXEC
[    0.133134] evm: security.SMACK64TRANSMUTE
[    0.133518] evm: security.SMACK64MMAP
[    0.133866] evm: security.apparmor
[    0.134204] evm: security.ima
[    0.134497] evm: security.capability
[    0.134880] clocksource: jiffies: mask: 0xffffffff max_cycles: 0xffffffff, max_idle_ns: 7645041785100000 ns
[    0.136005] futex hash table entries: 512 (order: 3, 32768 bytes)
[    0.137119] pinctrl core: initialized pinctrl subsystem
[    0.137678] RTC time: 17:34:30, date: 04/07/21
[    0.138192] NET: Registered protocol family 16
[    0.138662] audit: initializing netlink subsys (disabled)
[    0.139170] audit: type=2000 audit(1617816875.046:1): state=initialized audit_enabled=0 res=1
[    0.140012] cpuidle: using governor ladder
[    0.140403] cpuidle: using governor menu
[    0.140793] ACPI: bus type PCI registered
[    0.141169] acpiphp: ACPI Hot Plug PCI Controller Driver version: 0.5
[    0.141876] PCI: Using configuration type 1 for base access
[    0.142397] HugeTLB registered 2.00 MiB page size, pre-allocated 0 pages
[    0.144008] ACPI: Added _OSI(Module Device)
[    0.144402] ACPI: Added _OSI(Processor Device)
[    0.144812] ACPI: Added _OSI(3.0 _SCP Extensions)
[    0.145242] ACPI: Added _OSI(Processor Aggregator Device)
[    0.145761] ACPI: Added _OSI(Linux-Dell-Video)
[    0.146169] ACPI: Added _OSI(Linux-Lenovo-NV-HDMI-Audio)
[    0.146648] ACPI: Added _OSI(Linux-HPI-Hybrid-Graphics)
[    0.147266] ACPI: Executed 1 blocks of module-level executable AML code
[    0.149918] ACPI: Interpreter enabled
[    0.150276] ACPI: (supports S0 S5)
[    0.150610] ACPI: Using IOAPIC for interrupt routing
[    0.151275] PCI: Using host bridge windows from ACPI; if necessary, use "pci=nocrs" and report a bug
[    0.152094] ACPI: Enabled 2 GPEs in block 00 to 07
[    0.155791] ACPI: PCI Root Bridge [PCI0] (domain 0000 [bus 00-ff])
[    0.156004] acpi PNP0A03:00: _OSC: OS supports [ASPM ClockPM Segments MSI]
[    0.156856] acpi PNP0A03:00: _OSC: not requesting OS control; OS requires [ExtendedConfig ASPM ClockPM MSI]
[    0.157732] acpi PNP0A03:00: fail to add MMCONFIG information, can't access extended PCI configuration space under this bridge.
[    0.158833] PCI host bridge to bus 0000:00
[    0.159183] pci_bus 0000:00: root bus resource [io  0x0000-0x0cf7 window]
[    0.160002] pci_bus 0000:00: root bus resource [io  0x0d00-0xffff window]
[    0.160594] pci_bus 0000:00: root bus resource [mem 0x000a0000-0x000bffff window]
[    0.161271] pci_bus 0000:00: root bus resource [mem 0x40000000-0xfdffffff window]
[    0.161947] pci_bus 0000:00: root bus resource [bus 00-ff]
[    0.163248] pci 0000:00:01.1: legacy IDE quirk: reg 0x10: [io  0x01f0-0x01f7]
[    0.163807] pci 0000:00:01.1: legacy IDE quirk: reg 0x14: [io  0x03f6]
[    0.164001] pci 0000:00:01.1: legacy IDE quirk: reg 0x18: [io  0x0170-0x0177]
[    0.164551] pci 0000:00:01.1: legacy IDE quirk: reg 0x1c: [io  0x0376]
[    0.173667] pci 0000:00:07.0: quirk: [io  0x4000-0x403f] claimed by PIIX4 ACPI
[    0.174380] pci 0000:00:07.0: quirk: [io  0x4100-0x410f] claimed by PIIX4 SMB
[    0.177838] ACPI: PCI Interrupt Link [LNKA] (IRQs 5 9 10 *11)
[    0.178573] ACPI: PCI Interrupt Link [LNKB] (IRQs 5 9 *10 11)
[    0.179204] ACPI: PCI Interrupt Link [LNKC] (IRQs 5 *9 10 11)
[    0.179775] ACPI: PCI Interrupt Link [LNKD] (IRQs 5 9 10 *11)
[    0.180250] SCSI subsystem initialized
[    0.180651] pci 0000:00:02.0: vgaarb: setting as boot VGA device
[    0.180651] pci 0000:00:02.0: vgaarb: VGA device added: decodes=io+mem,owns=io+mem,locks=none
[    0.181320] pci 0000:00:02.0: vgaarb: bridge control possible
[    0.181839] vgaarb: loaded
[    0.182128] ACPI: bus type USB registered
[    0.182516] usbcore: registered new interface driver usbfs
[    0.184014] usbcore: registered new interface driver hub
[    0.184509] usbcore: registered new device driver usb
[    0.184997] EDAC MC: Ver: 3.0.0
[    0.184997] PCI: Using ACPI for IRQ routing
[    0.184997] NetLabel: Initializing
[    0.184997] NetLabel:  domain hash size = 128
[    0.185353] NetLabel:  protocols = UNLABELED CIPSOv4 CALIPSO
[    0.185869] NetLabel:  unlabeled traffic allowed by default
[    0.188064] clocksource: Switched to clocksource kvm-clock
[    0.196842] VFS: Disk quotas dquot_6.6.0
[    0.197264] VFS: Dquot-cache hash table entries: 512 (order 0, 4096 bytes)
[    0.197961] AppArmor: AppArmor Filesystem Enabled
[    0.198468] pnp: PnP ACPI init
[    0.199268] pnp: PnP ACPI: found 3 devices
[    0.206659] clocksource: acpi_pm: mask: 0xffffff max_cycles: 0xffffff, max_idle_ns: 2085701024 ns
[    0.207740] NET: Registered protocol family 2
[    0.208281] TCP established hash table entries: 8192 (order: 4, 65536 bytes)
[    0.208929] TCP bind hash table entries: 8192 (order: 5, 131072 bytes)
[    0.210045] TCP: Hash tables configured (established 8192 bind 8192)
[    0.210641] UDP hash table entries: 512 (order: 2, 16384 bytes)
[    0.211186] UDP-Lite hash table entries: 512 (order: 2, 16384 bytes)
[    0.211775] NET: Registered protocol family 1
[    0.212197] pci 0000:00:00.0: Limiting direct PCI/PCI transfers
[    0.212733] pci 0000:00:01.0: Activating ISA DMA hang workarounds
[    0.213294] pci 0000:00:02.0: Video device with shadowed ROM at [mem 0x000c0000-0x000dffff]
[    0.214088] Unpacking initramfs...
[    0.401358] Freeing initrd memory: 19228K
[    0.401948] clocksource: tsc: mask: 0xffffffffffffffff max_cycles: 0x28680e0a5c3, max_idle_ns: 440795346756 ns
[    0.402865] platform rtc_cmos: registered platform RTC device (no PNP device found)
[    0.403563] Scanning for low memory corruption every 60 seconds
[    0.404593] Initialise system trusted keyrings
[    0.404969] Key type blacklist registered
[    0.405397] workingset: timestamp_bits=36 max_order=18 bucket_order=0
[    0.406462] zbud: loaded
[    0.407229] squashfs: version 4.0 (2009/01/31) Phillip Lougher
[    0.407884] fuse init (API version 7.26)
[    0.416762] Key type asymmetric registered
[    0.417172] Asymmetric key parser 'x509' registered
[    0.417649] Block layer SCSI generic (bsg) driver version 0.4 loaded (major 246)
[    0.418366] io scheduler noop registered
[    0.418742] io scheduler deadline registered
[    0.419153] io scheduler cfq registered (default)
[    0.419794] ACPI: AC Adapter [AC] (on-line)
[    0.420241] input: Power Button as /devices/LNXSYSTM:00/LNXPWRBN:00/input/input0
[    0.420959] ACPI: Power Button [PWRF]
[    0.421340] input: Sleep Button as /devices/LNXSYSTM:00/LNXSLPBN:00/input/input1
[    0.422013] ACPI: Sleep Button [SLPF]
[    0.422915] ACPI: Battery Slot [BAT0] (battery present)
[    0.423484] Serial: 8250/16550 driver, 32 ports, IRQ sharing enabled
[    0.444565] 00:02: ttyS0 at I/O 0x3f8 (irq = 4, base_baud = 115200) is a 16550A
[    0.447272] Linux agpgart interface v0.103
[    0.448731] loop: module loaded
[    0.449354] scsi host0: ata_piix
[    0.449775] scsi host1: ata_piix
[    0.450163] ata1: PATA max UDMA/33 cmd 0x1f0 ctl 0x3f6 bmdma 0xd000 irq 14
[    0.450798] ata2: PATA max UDMA/33 cmd 0x170 ctl 0x376 bmdma 0xd008 irq 15
[    0.451458] libphy: Fixed MDIO Bus: probed
[    0.451840] tun: Universal TUN/TAP device driver, 1.6
[    0.452456] PPP generic driver version 2.4.2
[    0.453057] ehci_hcd: USB 2.0 'Enhanced' Host Controller (EHCI) Driver
[    0.453643] ehci-pci: EHCI PCI platform driver
[    0.454062] ehci-platform: EHCI generic platform driver
[    0.454635] ohci_hcd: USB 1.1 'Open' Host Controller (OHCI) Driver
[    0.455179] ohci-pci: OHCI PCI platform driver
[    0.455600] ohci-platform: OHCI generic platform driver
[    0.456087] uhci_hcd: USB Universal Host Controller Interface driver
[    0.456678] i8042: PNP: PS/2 Controller [PNP0303:PS2K,PNP0f03:PS2M] at 0x60,0x64 irq 1,12
[    0.457770] serio: i8042 KBD port at 0x60,0x64 irq 1
[    0.458246] serio: i8042 AUX port at 0x60,0x64 irq 12
[    0.458808] mousedev: PS/2 mouse device common for all mice
[    0.459680] input: AT Translated Set 2 keyboard as /devices/platform/i8042/serio0/input/input2
[    0.460540] rtc_cmos rtc_cmos: rtc core: registered rtc_cmos as rtc0
[    0.461213] rtc_cmos rtc_cmos: alarms up to one day, 114 bytes nvram
[    0.461850] i2c /dev entries driver
[    0.462278] device-mapper: uevent: version 1.0.3
[    0.462750] device-mapper: ioctl: 4.37.0-ioctl (2017-09-20) initialised: dm-devel@redhat.com
[    0.463529] ledtrig-cpu: registered to indicate activity on CPUs
[    0.464689] NET: Registered protocol family 10
[    0.467349] Segment Routing with IPv6
[    0.467767] NET: Registered protocol family 17
[    0.468257] Key type dns_resolver registered
[    0.468806] mce: Using 0 MCE banks
[    0.469135] RAS: Correctable Errors collector initialized.
[    0.469624] sched_clock: Marking stable (468762144, 0)->(544028243, -75266099)
[    0.470498] registered taskstats version 1
[    0.470915] Loading compiled-in X.509 certificates
[    0.473027] Loaded X.509 cert 'Build time autogenerated kernel key: f44537957b99d83206ce3e6a27744bf062e80295'
[    0.474104] zswap: loaded using pool lzo/zbud
[    0.476586] Key type big_key registered
[    0.476980] Key type trusted registered
[    0.478111] Key type encrypted registered
[    0.478499] AppArmor: AppArmor sha1 policy hashing enabled
[    0.479056] ima: No TPM chip found, activating TPM-bypass! (rc=-19)
[    0.479633] ima: Allocated hash algorithm: sha1
[    0.480052] evm: HMAC attrs: 0x1
[    0.480486]   Magic number: 1:346:592
[    0.480908] rtc_cmos rtc_cmos: setting system clock to 2021-04-07 17:34:30 UTC (1617816870)
[    0.481864] BIOS EDD facility v0.16 2004-Jun-25, 0 devices found
[    0.482474] EDD information not available.
[    0.638977] Freeing unused kernel image memory: 2440K
[    0.652157] Write protecting the kernel read-only data: 20480k
[    0.654019] Freeing unused kernel image memory: 2008K
[    0.655343] Freeing unused kernel image memory: 1868K
[    0.659549] x86/mm: Checked W+X mappings: passed, no W+X pages found.
[    0.660174] x86/mm: Checking user space page tables
[    0.663882] x86/mm: Checked W+X mappings: passed, no W+X pages found.
Loading, please wait...
starting version 237
[    0.710084] Fusion MPT base driver 3.04.20
[    0.710604] Copyright (c) 1999-2008 LSI Corporation
[    0.711230] e1000: Intel(R) PRO/1000 Network Driver - version 7.3.21-k8-NAPI
[    0.711980] e1000: Copyright (c) 1999-2006 Intel Corporation.
[    0.714222] Fusion MPT SPI Host driver 3.04.20
[    0.726456] AVX2 version of gcm_enc/dec engaged.
[    0.727066] AES CTR mode by8 optimization enabled
[    0.920521] input: ImExPS/2 Generic Explorer Mouse as /devices/platform/i8042/serio1/input/input4
[    1.083877] e1000 0000:00:03.0 eth0: (PCI:33MHz:32-bit) 02:d6:90:5a:f6:76
[    1.085694] e1000 0000:00:03.0 eth0: Intel(R) PRO/1000 Network Connection
[    1.087414] mptbase: ioc0: Initiating bringup
[    1.088295] e1000 0000:00:03.0 enp0s3: renamed from eth0
[    1.183583] ioc0: LSI53C1030 A0: Capabilities={Initiator}
[    1.425197] scsi host2: ioc0: LSI53C1030 A0, FwRev=00000000h, Ports=1, MaxQ=256, IRQ=20
[    1.593265] scsi 2:0:0:0: Direct-Access     VBOX     HARDDISK         1.0  PQ: 0 ANSI: 5
[    2.428887] scsi target2:0:0: Beginning Domain Validation
[    2.431971] scsi target2:0:0: Domain Validation skipping write tests
[    2.433796] scsi target2:0:0: Ending Domain Validation
[    2.435263] scsi target2:0:0: asynchronous
[    2.435861] scsi 2:0:1:0: Direct-Access     VBOX     HARDDISK         1.0  PQ: 0 ANSI: 5
[    3.082327] scsi target2:0:1: Beginning Domain Validation
[    3.085324] scsi target2:0:1: Domain Validation skipping write tests
[    3.087546] scsi target2:0:1: Ending Domain Validation
[    3.088987] random: fast init done
[    3.089747] scsi target2:0:1: asynchronous
[    3.091656] random: systemd-udevd: uninitialized urandom read (16 bytes read)
[    3.092234] random: systemd-udevd: uninitialized urandom read (16 bytes read)
[    3.092859] random: systemd-udevd: uninitialized urandom read (16 bytes read)
[    3.093815] sd 2:0:0:0: Attached scsi generic sg0 type 0
[    3.093827] sd 2:0:0:0: [sda] 83886080 512-byte logical blocks: (42.9 GB/40.0 GiB)
[    3.094556] sd 2:0:1:0: Attached scsi generic sg1 type 0
[    3.095638] sd 2:0:0:0: [sda] Write Protect is off
[    3.096197] sd 2:0:1:0: [sdb] 20480 512-byte logical blocks: (10.5 MB/10.0 MiB)
[    3.096866] sd 2:0:0:0: [sda] Incomplete mode parameter data
[    3.097381] sd 2:0:0:0: [sda] Assuming drive cache: write through
[    3.097928] sd 2:0:1:0: [sdb] Write Protect is off
[    3.098560] sd 2:0:1:0: [sdb] Incomplete mode parameter data
[    3.099039] sd 2:0:1:0: [sdb] Assuming drive cache: write through
[    3.102146]  sda: sda1
[    3.103413] sd 2:0:0:0: [sda] Attached SCSI disk
[    3.104064] sd 2:0:1:0: [sdb] Attached SCSI disk
Begin: Loading essential drivers ... [    4.404204] raid6: sse2x1   gen() 19495 MB/s
[    4.456840] raid6: sse2x1   xor() 12193 MB/s
[    4.504160] raid6: sse2x2   gen() 22954 MB/s
[    4.552634] raid6: sse2x2   xor() 15862 MB/s
[    4.620867] raid6: sse2x4   gen() 29695 MB/s
[    4.668074] raid6: sse2x4   xor() 14205 MB/s
[    4.729444] raid6: avx2x1   gen() 48762 MB/s
[    4.776190] raid6: avx2x1   xor() 22370 MB/s
[    4.830182] raid6: avx2x2   gen() 52996 MB/s
[    4.883746] raid6: avx2x2   xor() 34636 MB/s
[    4.944195] raid6: avx2x4   gen() 58940 MB/s
[    5.004164] raid6: avx2x4   xor() 32838 MB/s
[    5.004576] raid6: using algorithm avx2x4 gen() 58940 MB/s
[    5.005003] raid6: .... xor() 32838 MB/s, rmw enabled
[    5.005402] raid6: using avx2x2 recovery algorithm
[    5.006479] xor: automatically using best checksumming function   avx       
[    5.007685] async_tx: api initialized (async)
done.
Begin: Running /scripts/init-premount ... done.
Begin: Mounting root file system ... Begin: Running /scripts/local-top ... done.
Begin: Running /scripts/local-premount ... [    5.036278] Btrfs loaded, crc32c=crc32c-intel
Scanning for Btrfs filesystems
done.
Warning: fsck not present, so skipping root file system
[    5.056268] EXT4-fs (sda1): mounted filesystem with ordered data mode. Opts: (null)
done.
Begin: Running /scripts/local-bottom ... done.
Begin: Running /scripts/init-bottom ... done.
[    5.198837] ip_tables: (C) 2000-2006 Netfilter Core Team
[    5.204127] systemd[1]: systemd 237 running in system mode. (+PAM +AUDIT +SELINUX +IMA +APPARMOR +SMACK +SYSVINIT +UTMP +LIBCRYPTSETUP +GCRYPT +GNUTLS +ACL +XZ +LZ4 +SECCOMP +BLKID +ELFUTILS +KMOD -IDN2 +IDN -PCRE2 default-hierarchy=hybrid)
[    5.206028] systemd[1]: Detected virtualization oracle.
[    5.206515] systemd[1]: Detected architecture x86-64.

Welcome to [1mUbuntu 18.04.5 LTS[0m!

[    5.210371] systemd[1]: Set hostname to <ubuntu>.
[    5.212236] systemd[1]: Initializing machine ID from random generator.
[    5.212857] systemd[1]: Installed transient /etc/machine-id file.
[    5.369037] systemd[1]: Reached target Swap.
[[0;32m  OK  [0m] Reached target Swap.
[    5.370006] systemd[1]: Set up automount Arbitrary Executable File Formats File System Automount Point.
[[0;32m  OK  [0m] Set up automount Arbitrary Executab…rmats File System Automount Point.
[    5.372565] systemd[1]: Started Forward Password Requests to Wall Directory Watch.
[[0;32m  OK  [0m] Started Forward Password Requests to Wall Directory Watch.
[    5.374815] systemd[1]: Reached target System Time Synchronized.
[[0;32m  OK  [0m] Reached target System Time Synchronized.
[[0;32m  OK  [0m] Reached target User and Group Name Lookups.
[[0;32m  OK  [0m] Created slice User and Session Slice.
[[0;32m  OK  [0m] Created slice System Slice.
[[0;32m  OK  [0m] Listening on Journal Socket (/dev/log).
[[0;32m  OK  [0m] Listening on Network Service Netlink Socket.
[[0;32m  OK  [0m] Listening on LVM2 metadata daemon socket.
[[0;32m  OK  [0m] Listening on /dev/initctl Compatibility Named Pipe.
[[0;32m  OK  [0m] Listening on Journal Socket.
         Mounting POSIX Message Queue File System...
         Starting Uncomplicated firewall...
[[0;32m  OK  [0m] Listening on udev Kernel Socket.
[[0;32m  OK  [0m] Listening on Syslog Socket.
[[0;32m  OK  [0m] Listening on Device-mapper event daemon FIFOs.
         Starting Monitoring of LVM2 mirrors…ng dmeventd or progress polling...
[[0;32m  OK  [0m] Created slice system-serial\x2dgetty.slice.
[[0;32m  OK  [0m] Listening on fsck to fsckd communication Socket.
         Starting Set the console keyboard layout...
         Starting Load Kernel Modules...
[[0;32m  OK  [0m] Listening on udev Control Socket.
         Starting udev Coldplug all Devices...
         Mounting Kernel Debug File System...
[[0;32m  OK  [0m] Reached target Slices.
[[0;32m  OK  [0m] Listening on LVM2 poll daemon socket.
         Mounting Huge Pages File System...
         Starting Create list of required st…ce nodes for the current kernel...
[[0;32m  OK  [0m] Listening on Journal Audit Socket.
         Starting Journal Service...
         Starting File System Check on Root Device...
[[0;32m  OK  [0m] Mounted POSIX Message Queue File System.
[[0;32m  OK  [0m] Started Uncomplicated firewall.
[[0;32m  OK  [0m] Mounted Kernel Debug File System.
[[0;32m  OK  [0m] Mounted Huge Pages File System.
[[0;32m  OK  [0m] Started LVM2 metadata daemon.
[    5.438126] Loading iSCSI transport class v2.0-870.
[    5.442447] iscsi: registered transport (tcp)
[    5.453698] iscsi: registered transport (iser)
[[0;32m  OK  [0m] Started Load Kernel Modules.
         Starting Apply Kernel Variables...
         Mounting Kernel Configuration File System...
         Mounting FUSE Control File System...
[[0;32m  OK  [0m] Mounted Kernel Configuration File System.
[[0;32m  OK  [0m] Mounted FUSE Control File System.
[[0;32m  OK  [0m] Started udev Coldplug all Devices.
[[0;32m  OK  [0m] Started File System Check Daemon to report status.
[[0;32m  OK  [0m] Started Journal Service.
[[0;32m  OK  [0m] Started File System Check on Root Device.
         Starting Remount Root and Kernel File Systems...
[[0;32m  OK  [0m] Started Create list of required sta…vice nodes for the current kernel.
         Starting Create Static Device Nodes in /dev...
[[0;32m  OK  [0m] Started Monitoring of LVM2 mirrors,…sing dmeventd or progress polling.
[[0;32m  OK  [0m] Started Apply Kernel Variables.
[[0;32m  OK  [0m] Started Remount Root and Kernel File Systems.
         Starting Flush Journal to Persistent Storage...
         Starting Load/Save Random Seed...
[[0;32m  OK  [0m] Started Create Static Device Nodes in /dev.
         Starting udev Kernel Device Manager...
[[0;32m  OK  [0m] Started Load/Save Random Seed.
[[0;32m  OK  [0m] Started Set the console keyboard layout.
[[0;32m  OK  [0m] Reached target Local File Systems (Pre).
[[0;32m  OK  [0m] Reached target Local File Systems.
         Starting AppArmor initialization...
         Starting ebtables ruleset management...
         Starting Commit a transient machine-id on disk...
         Starting Tell Plymouth To Write Out Runtime Data...
         Starting Set console font and keymap...
[[0;32m  OK  [0m] Started udev Kernel Device Manager.
[[0;32m  OK  [0m] Started Dispatch Password Requests to Console Directory Watch.
[[0;32m  OK  [0m] Reached target Local Encrypted Volumes.
[[0;32m  OK  [0m] Started Tell Plymouth To Write Out Runtime Data.
[[0;32m  OK  [0m] Started Set console font and keymap.
[[0;32m  OK  [0m] Started Flush Journal to Persistent Storage.
         Starting Create Volatile Files and Directories...
[[0;32m  OK  [0m] Started Commit a transient machine-id on disk.
[[0;32m  OK  [0m] Started Create Volatile Files and Directories.
         Starting Update UTMP about System Boot/Shutdown...
[[0;32m  OK  [0m] Started Update UTMP about System Boot/Shutdown.
[[0;32m  OK  [0m] Started ebtables ruleset management.
[[0;32m  OK  [0m] Found device /dev/ttyS0.
[[0;32m  OK  [0m] Listening on Load/Save RF Kill Switch Status /dev/rfkill Watch.
[[0;32m  OK  [0m] Started AppArmor initialization.
         Starting Load AppArmor profiles managed internally by snapd...
         Starting Initial cloud-init job (pre-networking)...
[[0;32m  OK  [0m] Started Load AppArmor profiles managed internally by snapd.
[    6.941093] cloud-init[561]: Cloud-init v. 20.4.1-0ubuntu1~18.04.1 running 'init-local' at Wed, 07 Apr 2021 17:34:36 +0000. Up 6.74 seconds.
[[0;32m  OK  [0m] Started Initial cloud-init job (pre-networking).
[[0;32m  OK  [0m] Reached target Network (Pre).
         Starting Network Service...
[[0;32m  OK  [0m] Started Network Service.
         Starting Wait for Network to be Configured...
         Starting Network Name Resolution...
[[0;32m  OK  [0m] Started Network Name Resolution.
[[0;32m  OK  [0m] Reached target Network.
[[0;32m  OK  [0m] Reached target Host and Network Name Lookups.
[[0;32m  OK  [0m] Started Wait for Network to be Configured.
         Starting Initial cloud-init job (metadata service crawler)...
[    8.716137] cloud-init[696]: Cloud-init v. 20.4.1-0ubuntu1~18.04.1 running 'init' at Wed, 07 Apr 2021 17:34:38 +0000. Up 8.63 seconds.
[    8.717257] cloud-init[696]: ci-info: ++++++++++++++++++++++++++++++++++++++Net device info++++++++++++++++++++++++++++++++++++++
[    8.718110] cloud-init[696]: ci-info: +--------+------+----------------------------+---------------+--------+-------------------+
[    8.718958] cloud-init[696]: ci-info: | Device |  Up  |          Address           |      Mask     | Scope  |     Hw-Address    |
[    8.719803] cloud-init[696]: ci-info: +--------+------+----------------------------+---------------+--------+-------------------+
[    8.720615] cloud-init[696]: ci-info: | enp0s3 | True |         10.0.2.15          | 255.255.255.0 | global | 02:d6:90:5a:f6:76 |
[    8.721390] cloud-init[696]: ci-info: | enp0s3 | True | fe80::d6:90ff:fe5a:f676/64 |       .       |  link  | 02:d6:90:5a:f6:76 |
[    8.722096] cloud-init[696]: ci-info: |   lo   | True |         127.0.0.1          |   255.0.0.0   |  host  |         .         |
[    8.722845] cloud-init[696]: ci-info: |   lo   | True |          ::1/128           |       .       |  host  |         .         |
[    8.723596] cloud-init[696]: ci-info: +--------+------+----------------------------+---------------+--------+-------------------+
[    8.724314] cloud-init[696]: ci-info: ++++++++++++++++++++++++++++Route IPv4 info+++++++++++++++++++++++++++++
[    8.724925] cloud-init[696]: ci-info: +-------+-------------+----------+-----------------+-----------+-------+
[    8.725558] cloud-init[696]: ci-info: | Route | Destination | Gateway  |     Genmask     | Interface | Flags |
[    8.726200] cloud-init[696]: ci-info: +-------+-------------+----------+-----------------+-----------+-------+
[    8.726941] cloud-init[696]: ci-info: |   0   |   0.0.0.0   | 10.0.2.2 |     0.0.0.0     |   enp0s3  |   UG  |
[    8.727541] cloud-init[696]: ci-info: |   1   |   10.0.2.0  | 0.0.0.0  |  255.255.255.0  |   enp0s3  |   U   |
[    8.728173] cloud-init[696]: ci-info: |   2   |   10.0.2.2  | 0.0.0.0  | 255.255.255.255 |   enp0s3  |   UH  |
[    8.728790] cloud-init[696]: ci-info: +-------+-------------+----------+-----------------+-----------+-------+
[    8.729409] cloud-init[696]: ci-info: +++++++++++++++++++Route IPv6 info+++++++++++++++++++
[    8.729997] cloud-init[696]: ci-info: +-------+-------------+---------+-----------+-------+
[    8.730516] cloud-init[696]: ci-info: | Route | Destination | Gateway | Interface | Flags |
[    8.731037] cloud-init[696]: ci-info: +-------+-------------+---------+-----------+-------+
[    8.731539] cloud-init[696]: ci-info: |   1   |  fe80::/64  |    ::   |   enp0s3  |   U   |
[    8.733332] cloud-init[696]: ci-info: |   3   |    local    |    ::   |   enp0s3  |   U   |
[    8.733876] cloud-init[696]: ci-info: |   4   |   ff00::/8  |    ::   |   enp0s3  |   U   |
[    8.734380] cloud-init[696]: ci-info: +-------+-------------+---------+-----------+-------+
[    9.355341] cloud-init[696]: Generating public/private rsa key pair.
[    9.364330] cloud-init[696]: Your identification has been saved in /etc/ssh/ssh_host_rsa_key.
[    9.376178] cloud-init[696]: Your public key has been saved in /etc/ssh/ssh_host_rsa_key.pub.
[[0;32m  OK  [0m[    9.388204] ] cloud-initStarted Initial cloud-init job (metadata service crawler).[696]: The key fingerprint is:

[    9.388929] cloud-init[696]: SHA256:aXUM7s7FSDa8B8n/i3hPJ7PirP1BF40goOVGosqAY98 root@ubuntu-bionic
[[0;32m  OK  [0m] Reached target Cloud-config availability.
[    9.388980] cloud-init[696]: The key's randomart image is:
[[    9.390058] cloud-init[696]: +---[RSA 2048]----+
[    9.390105] cloud-init[696]: |      . +.o .    |
[    9.390390] cloud-init[696]: |.    . * + = . ..|
[0;32m  OK  [0m[    9.390686] ] cloud-initReached target System Initialization.
[696]: |+.  . . o @ o ...|
[    9.391385] cloud-init[696]: |.+...  . * O    .|
[    9.391718] cloud-init[696]: |  o. E  S + = . .|
[[    9.392023] cloud-init[696]: |       . o o o . |
[    9.392160] cloud-init[696]: |          o   * .|
[    9.392434] cloud-init[696]: |           +oo B |
[    9.392557] cloud-init[696]: |          o+=+=  |
[    9.392855] cloud-init[696]: +----[SHA256]-----+
[    9.393143] cloud-init[696]: Generating public/private dsa key pair.
[    9.393449] cloud-init[696]: Your identification has been saved in /etc/ssh/ssh_host_dsa_key.
[    9.393811] cloud-init[696]: Your public key has been saved in /etc/ssh/ssh_host_dsa_key.pub.
[    9.394174] cloud-init[696]: The key fingerprint is:
[    9.394550] cloud-init[696]: SHA256:7oY8pjDCsfLDG8uoVlUA4R1noJ2szt9qUA23QVsYiM0 root@ubuntu-bionic
[    9.394915] cloud-init[696]: The key's randomart image is:
[    9.395275] cloud-init[696]: +---[DSA 1024]----+
[    9.395641] cloud-init[696]: |   o*+==o.       |
[0;32m  OK  [0m] Started Message of the Day.
[    9.396019] cloud-init[696]: |  ..=E==o        |
[    9.396421] cloud-init[696]: |   o ==.o        |
[    9.396776] cloud-init[696]: |    .o o         |
[    9.396859] cloud-init[696]: | . .o   S        |
[    9.397154] cloud-init[696]: |. =o   .         |
[    9.397522] cloud-init[696]: |o+=o.. ..        |
[    9.397677] cloud-init[696]: |.*o=..*..        |
[    9.398042] cloud-init[696]: |= =oo=.+.        |
[    9.398173] cloud-init[696]: +----[SHA256]-----+
[    9.398507] cloud-init[696]: Generating public/private ecdsa key pair.
[    9.398820] cloud-init[696]: Your identification has been saved in /etc/ssh/ssh_host_ecdsa_key.
[    9.399094] cloud-init[696]: Your public key has been saved in /etc/ssh/ssh_host_ecdsa_key.pub.
[    9.399462] cloud-init[696]: The key fingerprint is:
[    9.399829] cloud-init[696]: SHA256:HWFV2vybtZzBqc0LqctKiEyTPoouLddwrOrEiIoXV5E root@ubuntu-bionic
[    9.400275] cloud-init[696]: The key's randomart image is:
[    9.400628] cloud-init[696]: +---[ECDSA 256]---+
[    9.400994] cloud-init[696]: |       .  o....  |
[    9.401129] cloud-init[696]: |      E  . . +   |
[    9.401496] cloud-init[696]: |       .  . . o  |
[    9.401838] cloud-init[696]: |      o  . .  ...|
[    9.401968] cloud-init[696]: |   . =  S .    +o|
[    9.402331] cloud-init[696]: |+ o B o .     * B|
[    9.402481] cloud-init[696]: |o+ B = . .   + O |
[    9.402829] cloud-init[696]: |* * o . . . . . .|
[    9.402961] cloud-init[696]: |BO .     ..+.  . |
[    9.403318] cloud-init[696]: +----[SHA256]-----+
[    9.403453] cloud-init[696]: Generating public/private ed25519 key pair.
[    9.403795] cloud-init[696]: Your identification has been saved in /etc/ssh/ssh_host_ed25519_key.
[    9.403965] cloud-init[696]: Your public key has been saved in /etc/ssh/ssh_host_ed25519_key.pub.
[    9.404329] cloud-init[696]: The key fingerprint is:
[    9.404946] cloud-init[696]: SHA256:f9RuKwZfJy3tgqyQxIr58XazTTHqWFU7dB47OdLwZks root@ubuntu-bionic
[    9.405219] cloud-init[696]: The key's randomart image is:
[    9.405506] cloud-init[696]: +--[ED25519 256]--+
[    9.405795] cloud-init[696]: |                 |
[    9.406084] cloud-init[696]: |                 |
[    9.406470] cloud-init[696]: |             .o..|
[    9.406821] cloud-init[696]: |       .     ++++|
[    9.406973] cloud-init[696]: |        S   =.+E.|
[    9.407342] cloud-init[696]: |     o o o.+ +O.B|
[    9.407618] cloud-init[696]: |    o o o ++ooo* |
[    9.407903] cloud-init[696]: |     . o.=o+*....|
[    9.407972] cloud-init[696]: |      ..o.+=.... |
[    9.408326] cloud-init[696]: +----[SHA256]-----+
         Starting Socket activation for snappy daemon.
[[0;32m  OK  [0m] Listening on D-Bus System Message Bus Socket.
[[0;32m  OK  [0m] Listening on Open-iSCSI iscsid Socket.
         Starting LXD - unix socket.
[[0;32m  OK  [0m] Listening on UUID daemon activation socket.
[[0;32m  OK  [0m] Started Daily Cleanup of Temporary Directories.
[[0;32m  OK  [0m] Listening on ACPID Listen Socket.
[[0;32m  OK  [0m] Started Daily apt download activities.
[[0;32m  OK  [0m] Started Daily apt upgrade and clean activities.
[[0;32m  OK  [0m] Started ACPI Events Check.
[[0;32m  OK  [0m] Reached target Paths.
[[0;32m  OK  [0m] Started Discard unused blocks once a week.
[[0;32m  OK  [0m] Reached target Timers.
[[0;32m  OK  [0m] Reached target Network is Online.
         Starting Availability of block devices...
[[0;32m  OK  [0m] Reached target Remote File Systems (Pre).
[[0;32m  OK  [0m] Reached target Remote File Systems.
[[0;32m  OK  [0m] Listening on Socket activation for snappy daemon.
[[0;32m  OK  [0m] Listening on LXD - unix socket.
[[0;32m  OK  [0m] Reached target Sockets.
[[0;32m  OK  [0m] Reached target Basic System.
         Starting Permit User Sessions...
         Starting Dispatcher daemon for systemd-networkd...
         Starting LSB: Record successful boot for GRUB...
[[0;32m  OK  [0m] Started Regular background program processing daemon.
         Starting Virtualbox guest utils...
         Starting LXD - container startup/shutdown...
[[0;32m  OK  [0m] Started Deferred execution scheduler.
         Starting Login Service...
[[0;32m  OK  [0m] Started D-Bus System Message Bus.
         Starting Accounts Service...
         Starting Snap Daemon...
[[0;32m  OK  [0m] Started FUSE filesystem for LXC.
         Starting Pollinate to seed the pseudo random number generator...
         Starting System Logging Service...
         Starting LSB: automatic crash report generation...
[[0;32m  OK  [0m] Started irqbalance daemon.
[[0;32m  OK  [0m] Started Availability of block devices.
[[0;32m  OK  [0m] Started Permit User Sessions.
[[0;32m  OK  [0m] Started LXD - container startup/shutdown.
[[0;32m  OK  [0m] Started Login Service.
[[0;32m  OK  [0m] Started Unattended Upgrades Shutdown.
         Starting Terminate Plymouth Boot Screen...
         Starting Hold until boot process finishes up...
[[0;32m  OK  [0m] Started Hold until boot process finishes up.
         Starting Set console scheme...
[[0;32m  OK  [0m] Started Serial Getty on ttyS0.
[[0;32m  OK  [0m] Started Terminate Plymouth Boot Screen.
[[0;32m  OK  [0m] Started System Logging Service.
[[0;32m  OK  [0m] Started Set console scheme.
[[0;32m  OK  [0m] Created slice system-getty.slice.
[[0;32m  OK  [0m] Started Getty on tty1.
[[0;32m  OK  [0m] Reached target Login Prompts.
[[0;32m  OK  [0m] Started Dispatcher daemon for systemd-networkd.
[[0;32m  OK  [0m] Started LSB: Record successful boot for GRUB.
[[0;32m  OK  [0m] Started LSB: automatic crash report generation.
[[0;32m  OK  [0m] Started Virtualbox guest utils.
         Starting Authorization Manager...
[[0;32m  OK  [0m] Started Authorization Manager.
[[0;32m  OK  [0m] Started Accounts Service.
[[0;32m  OK  [0m] Started Snap Daemon.
         Starting Wait until snapd is fully seeded...
[[0;32m  OK  [0m] Started Pollinate to seed the pseudo random number generator.
         Starting OpenBSD Secure Shell server...
[[0;32m  OK  [0m] Started OpenBSD Secure Shell server.
[[0;32m  OK  [0m] Started Wait until snapd is fully seeded.
         Starting Apply the settings specified in cloud-config...
[[0;32m  OK  [0m] Reached target Multi-User System.
[[0;32m  OK  [0m] Reached target Graphical Interface.
         Starting Update UTMP about System Runlevel Changes...
[[0;32m  OK  [0m] Started Update UTMP about System Runlevel Changes.
[   11.486610] cloud-init[1183]: Cloud-init v. 20.4.1-0ubuntu1~18.04.1 running 'modules:config' at Wed, 07 Apr 2021 17:34:41 +0000. Up 11.27 seconds.
[[0;32m  OK  [0m] Started Apply the settings specified in cloud-config.
         Starting Execute cloud user/final scripts...
ci-info: no authorized SSH keys fingerprints found for user ubuntu.
<14>Apr  7 17:34:41 ec2: 
<14>Apr  7 17:34:41 ec2: #############################################################
<14>Apr  7 17:34:41 ec2: -----BEGIN SSH HOST KEY FINGERPRINTS-----
<14>Apr  7 17:34:41 ec2: 1024 SHA256:7oY8pjDCsfLDG8uoVlUA4R1noJ2szt9qUA23QVsYiM0 root@ubuntu-bionic (DSA)
<14>Apr  7 17:34:41 ec2: 256 SHA256:HWFV2vybtZzBqc0LqctKiEyTPoouLddwrOrEiIoXV5E root@ubuntu-bionic (ECDSA)
<14>Apr  7 17:34:41 ec2: 256 SHA256:f9RuKwZfJy3tgqyQxIr58XazTTHqWFU7dB47OdLwZks root@ubuntu-bionic (ED25519)
<14>Apr  7 17:34:41 ec2: 2048 SHA256:aXUM7s7FSDa8B8n/i3hPJ7PirP1BF40goOVGosqAY98 root@ubuntu-bionic (RSA)
<14>Apr  7 17:34:41 ec2: -----END SSH HOST KEY FINGERPRINTS-----
<14>Apr  7 17:34:41 ec2: #############################################################
-----BEGIN SSH HOST KEY KEYS-----
ecdsa-sha2-nistp256 AAAAE2VjZHNhLXNoYTItbmlzdHAyNTYAAAAIbmlzdHAyNTYAAABBBJJcLGNdvQLWcJZHc2cfIkJnLcvaiDJWX4d1Rt4TZ4rDDXQxPPnIQX86AFwpAqgh6hsEd6HO+zwrnMin/Gbn5tE= root@ubuntu-bionic
ssh-ed25519 AAAAC3NzaC1lZDI1NTE5AAAAIJFekaNIyvvbqpHRvyh+0D7HnyVFJMf2C+FI90tKuroL root@ubuntu-bionic
ssh-rsa AAAAB3NzaC1yc2EAAAADAQABAAABAQDQMxmENzUP57cvi0MTSlr3ns0ExOTw+e6zME6PtMWvnOisM+ZwLmxwlkYI3eO4urcxIMPu+8Z0cFHFnooXxVR5/I1IN2u7JPdOb+kSk08FWo1btAvjR0KojXBXxXDW7+fiDk7wtVHQOUMdTe/Ot402N7wQShS/U7nIxYa4gcE0uiDkDuoLssgtqXQT7OrDnCLaGRobTlpE1jz7Cxq2QCoIpzYQrz5UhF3mO2O4sanq8vExUPs9Ujuz+XIM0k6uZgk5DLbG89b6Axyvn2CZD8Th8m5e+6taMHGdg9BMRVZbHU4XTqUAV3n9tEgUNLwW6OinBtvR5AsxqjddwFoqWV1P root@ubuntu-bionic
-----END SSH HOST KEY KEYS-----
[   11.777152] cloud-init[1248]: Cloud-init v. 20.4.1-0ubuntu1~18.04.1 running 'modules:final' at Wed, 07 Apr 2021 17:34:41 +0000. Up 11.69 seconds.
[   11.777992] cloud-init[1248]: ci-info: no authorized SSH keys fingerprints found for user ubuntu.
[   11.778642] cloud-init[1248]: Cloud-init v. 20.4.1-0ubuntu1~18.04.1 finished at Wed, 07 Apr 2021 17:34:41 +0000. Datasource DataSourceNoCloud [seed=/dev/sdb][dsmode=net].  Up 11.77 seconds
[[0;32m  OK  [0m] Started Execute cloud user/final scripts.
[[0;32m  OK  [0m] Reached target Cloud-init target.

Ubuntu 18.04.5 LTS ubuntu-bionic ttyS0

ubuntu-bionic login: 